<?xml version="1.0" encoding="UTF-8"?>
<!-- Generated by org.testng.reporters.JUnitReportReporter -->
<testsuite hostname="DESKTOP-00BRNAR" failures="0" tests="1" name="test_script_pack.Logout_Test" time="21.409" errors="0" timestamp="2024-12-02T15:46:45 IST" skipped="0">
  <testcase classname="test_script_pack.Logout_Test" name="UserIsAbleToLogout" time="21.409"/>
  <system-out/>
</testsuite> <!-- test_script_pack.Logout_Test -->
