<?xml version="1.0" encoding="UTF-8"?>
<!-- Generated by org.testng.reporters.JUnitReportReporter -->
<testsuite hostname="DESKTOP-00BRNAR" failures="0" tests="1" name="test_script_pack.UserSearch_test" time="23.814" errors="0" timestamp="2024-12-10T14:24:32 IST" skipped="0">
  <testcase classname="test_script_pack.UserSearch_test" name="VerifyUserIsableToSearch" time="23.814"/>
  <system-out/>
</testsuite> <!-- test_script_pack.UserSearch_test -->
