<?xml version="1.0" encoding="UTF-8"?>
<!-- Generated by org.testng.reporters.JUnitReportReporter -->
<testsuite hostname="DESKTOP-00BRNAR" failures="0" tests="1" name="test_script_pack.CategoryTest" time="22.070" errors="0" timestamp="2024-12-05T12:10:59 IST" skipped="0">
  <testcase classname="test_script_pack.CategoryTest" name="VerifyUSERABLETOCREATEVEGETABLES" time="22.070"/>
  <system-out/>
</testsuite> <!-- test_script_pack.CategoryTest -->
