<?xml version="1.0" encoding="UTF-8"?>
<!-- Generated by org.testng.reporters.JUnitReportReporter -->
<testsuite hostname="DESKTOP-00BRNAR" failures="0" tests="1" name="test_script_pack.ManageNewsTest" time="25.243" errors="0" timestamp="2024-12-06T13:54:11 IST" skipped="0">
  <testcase classname="test_script_pack.ManageNewsTest" name="VerifyUserAbleToAddNews" time="25.243"/>
  <system-out/>
</testsuite> <!-- test_script_pack.ManageNewsTest -->
