<?xml version="1.0" encoding="UTF-8"?>
<!-- Generated by org.testng.reporters.JUnitReportReporter -->
<testsuite hostname="DESKTOP-00BRNAR" failures="0" tests="1" name="test_script_pack.AdminUsers_test" time="25.479" errors="0" timestamp="2024-12-12T12:07:52 IST" skipped="0">
  <testcase classname="test_script_pack.AdminUsers_test" name="VerifyUserisabletoAddnewUser" time="25.479"/>
  <system-out/>
</testsuite> <!-- test_script_pack.AdminUsers_test -->
