<?xml version="1.0" encoding="UTF-8"?>
<!-- Generated by org.testng.reporters.JUnitReportReporter -->
<testsuite hostname="DESKTOP-00BRNAR" failures="0" tests="1" name="test_script_pack.SubCategoryTest" time="31.339" errors="0" timestamp="2024-12-06T21:29:37 IST" skipped="0">
  <testcase classname="test_script_pack.SubCategoryTest" name="VerifyUserIsAbleToAddSubcategory" time="31.339"/>
  <system-out/>
</testsuite> <!-- test_script_pack.SubCategoryTest -->
